<?xml version="1.0" encoding="UTF-8"?>
<!-- Generated by org.testng.reporters.JUnitXMLReporter -->
<testsuite ignored="3" hostname="DESKTOP-00BRNAR" failures="0" tests="2" name="ChromeTest" time="25.597" errors="0" timestamp="2024-12-12T12:07:51 IST">
  <testcase classname="test_script_pack.login_test" name="verifyuserisabletologinwithvalidcredentials" time="4.399"/>
  <testcase classname="test_script_pack.AdminUsers_test" name="VerifyUserisabletoAddnewUser" time="11.288"/>
  <testcase classname="test_script_pack.login_test" name="verifyuserisabletologinwithinvalidcredentials" time="0.0">
    <ignored/>
  </testcase> <!-- verifyuserisabletologinwithinvalidcredentials -->
  <testcase classname="test_script_pack.login_test" name="verifyuserisabletologinwithinvalidusername" time="0.0">
    <ignored/>
  </testcase> <!-- verifyuserisabletologinwithinvalidusername -->
  <testcase classname="test_script_pack.login_test" name="verifyuserisabletologinwithinvalidpassword" time="0.0">
    <ignored/>
  </testcase> <!-- verifyuserisabletologinwithinvalidpassword -->
</testsuite> <!-- ChromeTest -->
