<?xml version="1.0" encoding="UTF-8"?>
<!-- Generated by org.testng.reporters.JUnitXMLReporter -->
<testsuite ignored="3" hostname="DESKTOP-00BRNAR" failures="0" tests="1" name="EdgeTest" time="11.335" errors="0" timestamp="2024-12-12T11:44:19 IST">
  <testcase classname="test_script_pack.login_test" name="verifyuserisabletologinwithvalidcredentials" time="2.409"/>
  <testcase classname="test_script_pack.login_test" name="verifyuserisabletologinwithinvalidcredentials" time="0.0">
    <ignored/>
  </testcase> <!-- verifyuserisabletologinwithinvalidcredentials -->
  <testcase classname="test_script_pack.login_test" name="verifyuserisabletologinwithinvalidusername" time="0.0">
    <ignored/>
  </testcase> <!-- verifyuserisabletologinwithinvalidusername -->
  <testcase classname="test_script_pack.login_test" name="verifyuserisabletologinwithinvalidpassword" time="0.0">
    <ignored/>
  </testcase> <!-- verifyuserisabletologinwithinvalidpassword -->
</testsuite> <!-- EdgeTest -->
