<?xml version="1.0" encoding="UTF-8"?>
<!-- Generated by org.testng.reporters.JUnitXMLReporter -->
<testsuite ignored="0" hostname="DESKTOP-00BRNAR" failures="0" tests="4" name="Testproject" time="63.886" errors="0" timestamp="2024-12-10T14:28:50 IST">
  <testcase classname="test_script_pack.login_test" name="verifyuserisabletologinwithinvalidcredentials" time="3.663"/>
  <testcase classname="test_script_pack.login_test" name="verifyuserisabletologinwithinvalidpassword" time="2.238"/>
  <testcase classname="test_script_pack.login_test" name="verifyuserisabletologinwithinvalidusername" time="6.839"/>
  <testcase classname="test_script_pack.login_test" name="verifyuserisabletologinwithvalidcredentials" time="3.058"/>
</testsuite> <!-- Testproject -->
